app/build/intermediates/manifest_merge_blame_file/debug/manifest-merger-blame-debug-report.txt
1<?xml version="1.0" encoding="utf-8"?>
2<manifest xmlns:android="http://schemas.android.com/apk/res/android"
3    package="com.example.aidldemo"
4    android:versionCode="1"
5    android:versionName="1.0" >
6
7    <uses-sdk
8        android:minSdkVersion="18"
8-->src/main/AndroidManifest.xml
9        android:targetSdkVersion="31" />
9-->src/main/AndroidManifest.xml
10
11    <application
11-->src/main/AndroidManifest.xml:5:5-41:19
12        android:allowBackup="true"
12-->src/main/AndroidManifest.xml:6:9-35
13        android:appComponentFactory="androidx.core.app.CoreComponentFactory"
13-->[androidx.core:core:1.3.1] AndroidManifest.xml:24:18-86
14        android:debuggable="true"
15        android:icon="@mipmap/ic_launcher"
15-->src/main/AndroidManifest.xml:7:9-43
16        android:label="@string/app_name"
16-->src/main/AndroidManifest.xml:8:9-41
17        android:roundIcon="@mipmap/ic_launcher_round"
17-->src/main/AndroidManifest.xml:9:9-54
18        android:supportsRtl="true"
18-->src/main/AndroidManifest.xml:10:9-35
19        android:testOnly="true"
20        android:theme="@style/AppTheme" >
20-->src/main/AndroidManifest.xml:11:9-40
21        <activity
21-->src/main/AndroidManifest.xml:12:9-20:20
22            android:name="com.example.aidldemo.MainActivity"
22-->src/main/AndroidManifest.xml:13:13-41
23            android:exported="true" >
23-->src/main/AndroidManifest.xml:14:13-36
24            <intent-filter>
24-->src/main/AndroidManifest.xml:15:13-19:29
25                <action android:name="android.intent.action.MAIN" />
25-->src/main/AndroidManifest.xml:16:17-69
25-->src/main/AndroidManifest.xml:16:25-66
26
27                <category android:name="android.intent.category.LAUNCHER" />
27-->src/main/AndroidManifest.xml:18:17-77
27-->src/main/AndroidManifest.xml:18:27-74
28            </intent-filter>
29        </activity>
30
31        <service
31-->src/main/AndroidManifest.xml:22:9-31:19
32            android:name="com.example.aidldemo.MyAidlService"
32-->src/main/AndroidManifest.xml:23:13-62
33            android:enabled="true"
33-->src/main/AndroidManifest.xml:24:13-35
34            android:exported="true"
34-->src/main/AndroidManifest.xml:25:13-36
35            android:process=":remote" >
35-->src/main/AndroidManifest.xml:26:13-38
36            <intent-filter>
36-->src/main/AndroidManifest.xml:28:13-30:29
37                <action android:name="service.aidlserver" />
37-->src/main/AndroidManifest.xml:29:17-61
37-->src/main/AndroidManifest.xml:29:25-58
38            </intent-filter>
39        </service>
40        <service
40-->src/main/AndroidManifest.xml:33:9-40:19
41            android:name="com.example.aidldemo.MessengerService"
41-->src/main/AndroidManifest.xml:33:18-50
42            android:enabled="true"
42-->src/main/AndroidManifest.xml:35:13-35
43            android:exported="true" >
43-->src/main/AndroidManifest.xml:34:13-36
44            <intent-filter>
44-->src/main/AndroidManifest.xml:37:13-39:29
45                <action android:name="service.messenger.server" />
45-->src/main/AndroidManifest.xml:38:17-67
45-->src/main/AndroidManifest.xml:38:25-64
46            </intent-filter>
47        </service>
48    </application>
49
50</manifest>